<?xml version="1.0" encoding="UTF-8"?>
<!-- Generated by org.testng.reporters.JUnitXMLReporter -->
<testsuite ignored="0" hostname="LAPTOP-QS1M0H66" failures="0" tests="3" name="Default test" time="16.101" errors="0" timestamp="26 Apr 2021 18:04:08 GMT">
  <testcase classname="com.demo.testng.Amazon" name="test1" time="0.784"/>
  <testcase classname="com.demo.testng.Amazon" name="test2" time="0.084"/>
  <testcase classname="com.demo.testng.Amazon" name="test3" time="0.703"/>
</testsuite> <!-- Default test -->
