<?xml version="1.0" encoding="UTF-8"?>
<!-- Generated by org.testng.reporters.JUnitXMLReporter -->
<testsuite hostname="Anbalagan-KCPMC" ignored="0" name="Default test" tests="3" failures="0" timestamp="23 Apr 2021 17:28:19 GMT" time="48.246" errors="0">
  <testcase name="test1" time="1.472" classname="com.demo.testng.LocationSearch"/>
  <testcase name="test2" time="0.132" classname="com.demo.testng.LocationSearch"/>
  <testcase name="test3" time="0.162" classname="com.demo.testng.LocationSearch"/>
</testsuite> <!-- Default test -->
