<?xml version="1.0" encoding="UTF-8"?>
<!-- Generated by org.testng.reporters.JUnitXMLReporter -->
<testsuite hostname="DESKTOP-LPU85BR" ignored="0" name="Test" tests="4" failures="1" timestamp="23 Apr 2021 07:46:02 GMT" time="56.187" errors="0">
  <testcase name="test3" time="0.775" classname="com.demo.testng.Day2">
    <failure type="java.lang.AssertionError" message="The following asserts failed:
	expected [Hello] but found [Heloo]">
      <![CDATA[java.lang.AssertionError: The following asserts failed:
expected [Hello] but found [Heloo]
at com.demo.testng.Day2.test3(Day2.java:55)
... Removed 26 stack frames]]>
    </failure>
  </testcase> <!-- test3 -->
  <testcase name="test1" time="0.006" classname="com.demo.testng.Day1Intro"/>
  <testcase name="test2" time="0.002" classname="com.demo.testng.Day1Intro"/>
  <testcase name="test2" time="11.786" classname="com.demo.testng.Day2"/>
</testsuite> <!-- Test -->
