<?xml version="1.0" encoding="UTF-8"?>
<!-- Generated by org.testng.reporters.JUnitXMLReporter -->
<testsuite hostname="DESKTOP-LPU85BR" ignored="1" name="Test" tests="12" failures="0" timestamp="15 Apr 2021 03:04:36 GMT" time="23.178" errors="0">
  <testcase name="test3" time="0.434" classname="com.demo.testng.Day2"/>
  <testcase name="test4" time="0.006" classname="com.demo.testng.Day2"/>
  <testcase name="test4" time="0.002" classname="com.demo.testng.Day2"/>
  <testcase name="test4" time="0.002" classname="com.demo.testng.Day2"/>
  <testcase name="test4" time="0.011" classname="com.demo.testng.Day2"/>
  <testcase name="test4" time="0.001" classname="com.demo.testng.Day2"/>
  <testcase name="test4" time="0.003" classname="com.demo.testng.Day2"/>
  <testcase name="test4" time="0.002" classname="com.demo.testng.Day2"/>
  <testcase name="test4" time="0.002" classname="com.demo.testng.Day2"/>
  <testcase name="test4" time="0.008" classname="com.demo.testng.Day2"/>
  <testcase name="test4" time="0.004" classname="com.demo.testng.Day2"/>
  <testcase name="test2" time="7.244" classname="com.demo.testng.Day2"/>
  <testcase name="test1" time="0.0" classname="com.demo.testng.Day2">
    <ignored/>
  </testcase> <!-- test1 -->
</testsuite> <!-- Test -->
