<?xml version="1.0" encoding="UTF-8"?>
<testng-results ignored="0" total="3" passed="3" failed="0" skipped="0">
  <reporter-output>
  </reporter-output>
  <suite started-at="2021-04-26T18:03:52Z" name="Default suite" finished-at="2021-04-26T18:04:08Z" duration-ms="16101">
    <groups>
    </groups>
    <test started-at="2021-04-26T18:03:52Z" name="Default test" finished-at="2021-04-26T18:04:08Z" duration-ms="16101">
      <class name="com.demo.testng.Amazon">
        <test-method is-config="true" signature="beforeClass()[pri:0, instance:com.demo.testng.Amazon@4eaf3684]" started-at="2021-04-26T18:03:52Z" name="beforeClass" finished-at="2021-04-26T18:04:02Z" duration-ms="10324" status="PASS">
          <reporter-output>
          </reporter-output>
        </test-method> <!-- beforeClass -->
        <test-method is-config="true" signature="before()[pri:0, instance:com.demo.testng.Amazon@4eaf3684]" started-at="2021-04-26T18:04:02Z" name="before" finished-at="2021-04-26T18:04:02Z" duration-ms="14" status="PASS">
          <reporter-output>
          </reporter-output>
        </test-method> <!-- before -->
        <test-method signature="test1()[pri:0, instance:com.demo.testng.Amazon@4eaf3684]" started-at="2021-04-26T18:04:02Z" name="test1" finished-at="2021-04-26T18:04:03Z" duration-ms="784" status="PASS">
          <reporter-output>
          </reporter-output>
        </test-method> <!-- test1 -->
        <test-method is-config="true" signature="after()[pri:0, instance:com.demo.testng.Amazon@4eaf3684]" started-at="2021-04-26T18:04:03Z" name="after" finished-at="2021-04-26T18:04:03Z" duration-ms="0" status="PASS">
          <reporter-output>
          </reporter-output>
        </test-method> <!-- after -->
        <test-method signature="test2()[pri:0, instance:com.demo.testng.Amazon@4eaf3684]" started-at="2021-04-26T18:04:03Z" name="test2" finished-at="2021-04-26T18:04:03Z" duration-ms="84" status="PASS">
          <reporter-output>
          </reporter-output>
        </test-method> <!-- test2 -->
        <test-method is-config="true" signature="before()[pri:0, instance:com.demo.testng.Amazon@4eaf3684]" started-at="2021-04-26T18:04:03Z" name="before" finished-at="2021-04-26T18:04:03Z" duration-ms="0" status="PASS">
          <reporter-output>
          </reporter-output>
        </test-method> <!-- before -->
        <test-method is-config="true" signature="before()[pri:0, instance:com.demo.testng.Amazon@4eaf3684]" started-at="2021-04-26T18:04:03Z" name="before" finished-at="2021-04-26T18:04:03Z" duration-ms="0" status="PASS">
          <reporter-output>
          </reporter-output>
        </test-method> <!-- before -->
        <test-method is-config="true" signature="after()[pri:0, instance:com.demo.testng.Amazon@4eaf3684]" started-at="2021-04-26T18:04:03Z" name="after" finished-at="2021-04-26T18:04:03Z" duration-ms="0" status="PASS">
          <reporter-output>
          </reporter-output>
        </test-method> <!-- after -->
        <test-method signature="test3()[pri:0, instance:com.demo.testng.Amazon@4eaf3684]" started-at="2021-04-26T18:04:03Z" name="test3" finished-at="2021-04-26T18:04:04Z" duration-ms="703" status="PASS">
          <reporter-output>
          </reporter-output>
        </test-method> <!-- test3 -->
        <test-method is-config="true" signature="after()[pri:0, instance:com.demo.testng.Amazon@4eaf3684]" started-at="2021-04-26T18:04:04Z" name="after" finished-at="2021-04-26T18:04:04Z" duration-ms="1" status="PASS">
          <reporter-output>
          </reporter-output>
        </test-method> <!-- after -->
        <test-method is-config="true" signature="afterclass()[pri:0, instance:com.demo.testng.Amazon@4eaf3684]" started-at="2021-04-26T18:04:04Z" name="afterclass" finished-at="2021-04-26T18:04:08Z" duration-ms="4164" status="PASS">
          <reporter-output>
          </reporter-output>
        </test-method> <!-- afterclass -->
      </class> <!-- com.demo.testng.Amazon -->
    </test> <!-- Default test -->
  </suite> <!-- Default suite -->
</testng-results>
