<?xml version="1.0" encoding="UTF-8"?>
<testng-results skipped="0" failed="1" ignored="0" total="4" passed="3">
  <reporter-output>
  </reporter-output>
  <suite name="Suite" duration-ms="56187" started-at="2021-04-23T07:45:05Z" finished-at="2021-04-23T07:46:01Z">
    <groups>
    </groups>
    <test name="Test" duration-ms="56187" started-at="2021-04-23T07:45:05Z" finished-at="2021-04-23T07:46:01Z">
      <class name="com.demo.testng.Day2">
        <test-method status="PASS" signature="beforeClass()[pri:0, instance:com.demo.testng.Day2@5e5792a0]" name="beforeClass" is-config="true" duration-ms="41497" started-at="2021-04-23T07:45:05Z" finished-at="2021-04-23T07:45:47Z">
          <reporter-output>
          </reporter-output>
        </test-method> <!-- beforeClass -->
        <test-method status="PASS" signature="beforeMethod()[pri:0, instance:com.demo.testng.Day2@5e5792a0]" name="beforeMethod" is-config="true" duration-ms="30" started-at="2021-04-23T07:45:47Z" finished-at="2021-04-23T07:45:47Z">
          <reporter-output>
          </reporter-output>
        </test-method> <!-- beforeMethod -->
        <test-method status="FAIL" signature="test3()[pri:-2, instance:com.demo.testng.Day2@5e5792a0]" name="test3" duration-ms="775" started-at="2021-04-23T07:45:47Z" finished-at="2021-04-23T07:45:47Z">
          <exception class="java.lang.AssertionError">
            <message>
              <![CDATA[The following asserts failed:
expected [Hello] but found [Heloo]]]>
            </message>
            <full-stacktrace>
              <![CDATA[java.lang.AssertionError: The following asserts failed:
expected [Hello] but found [Heloo]
at org.testng.asserts.SoftAssert.assertAll(SoftAssert.java:43)
at com.demo.testng.Day2.test3(Day2.java:55)
at sun.reflect.NativeMethodAccessorImpl.invoke0(Native Method)
at sun.reflect.NativeMethodAccessorImpl.invoke(Unknown Source)
at sun.reflect.DelegatingMethodAccessorImpl.invoke(Unknown Source)
at java.lang.reflect.Method.invoke(Unknown Source)
at org.testng.internal.MethodInvocationHelper.invokeMethod(MethodInvocationHelper.java:124)
at org.testng.internal.Invoker.invokeMethod(Invoker.java:583)
at org.testng.internal.Invoker.invokeTestMethod(Invoker.java:719)
at org.testng.internal.Invoker.invokeTestMethods(Invoker.java:989)
at org.testng.internal.TestMethodWorker.invokeTestMethods(TestMethodWorker.java:125)
at org.testng.internal.TestMethodWorker.run(TestMethodWorker.java:109)
at org.testng.TestRunner.privateRun(TestRunner.java:648)
at org.testng.TestRunner.run(TestRunner.java:505)
at org.testng.SuiteRunner.runTest(SuiteRunner.java:455)
at org.testng.SuiteRunner.runSequentially(SuiteRunner.java:450)
at org.testng.SuiteRunner.privateRun(SuiteRunner.java:415)
at org.testng.SuiteRunner.run(SuiteRunner.java:364)
at org.testng.SuiteRunnerWorker.runSuite(SuiteRunnerWorker.java:52)
at org.testng.SuiteRunnerWorker.run(SuiteRunnerWorker.java:84)
at org.testng.TestNG.runSuitesSequentially(TestNG.java:1208)
at org.testng.TestNG.runSuitesLocally(TestNG.java:1137)
at org.testng.TestNG.runSuites(TestNG.java:1049)
at org.testng.TestNG.run(TestNG.java:1017)
at org.testng.remote.AbstractRemoteTestNG.run(AbstractRemoteTestNG.java:132)
at org.testng.remote.RemoteTestNG.initAndRun(RemoteTestNG.java:230)
at org.testng.remote.RemoteTestNG.main(RemoteTestNG.java:76)
]]>
            </full-stacktrace>
          </exception> <!-- java.lang.AssertionError -->
          <reporter-output>
          </reporter-output>
        </test-method> <!-- test3 -->
        <test-method status="PASS" signature="afterMethod()[pri:0, instance:com.demo.testng.Day2@5e5792a0]" name="afterMethod" is-config="true" duration-ms="1" started-at="2021-04-23T07:45:48Z" finished-at="2021-04-23T07:45:48Z">
          <reporter-output>
          </reporter-output>
        </test-method> <!-- afterMethod -->
        <test-method status="PASS" signature="test2()[pri:2, instance:com.demo.testng.Day2@5e5792a0]" name="test2" duration-ms="11786" started-at="2021-04-23T07:45:48Z" finished-at="2021-04-23T07:45:59Z">
          <reporter-output>
          </reporter-output>
        </test-method> <!-- test2 -->
        <test-method status="PASS" signature="beforeMethod()[pri:0, instance:com.demo.testng.Day2@5e5792a0]" name="beforeMethod" is-config="true" duration-ms="0" started-at="2021-04-23T07:45:48Z" finished-at="2021-04-23T07:45:48Z">
          <reporter-output>
          </reporter-output>
        </test-method> <!-- beforeMethod -->
        <test-method status="PASS" signature="afterClass()[pri:0, instance:com.demo.testng.Day2@5e5792a0]" name="afterClass" is-config="true" duration-ms="1722" started-at="2021-04-23T07:45:59Z" finished-at="2021-04-23T07:46:01Z">
          <reporter-output>
          </reporter-output>
        </test-method> <!-- afterClass -->
        <test-method status="PASS" signature="afterMethod()[pri:0, instance:com.demo.testng.Day2@5e5792a0]" name="afterMethod" is-config="true" duration-ms="0" started-at="2021-04-23T07:45:59Z" finished-at="2021-04-23T07:45:59Z">
          <reporter-output>
          </reporter-output>
        </test-method> <!-- afterMethod -->
      </class> <!-- com.demo.testng.Day2 -->
      <class name="com.demo.testng.Day1Intro">
        <test-method status="PASS" signature="beforeSuite()[pri:0, instance:com.demo.testng.Day1Intro@3ffc5af1]" name="beforeSuite" is-config="true" duration-ms="40" started-at="2021-04-23T07:45:05Z" finished-at="2021-04-23T07:45:05Z">
          <reporter-output>
          </reporter-output>
        </test-method> <!-- beforeSuite -->
        <test-method status="PASS" signature="beforeTest()[pri:0, instance:com.demo.testng.Day1Intro@3ffc5af1]" name="beforeTest" is-config="true" duration-ms="3" started-at="2021-04-23T07:45:05Z" finished-at="2021-04-23T07:45:05Z">
          <reporter-output>
          </reporter-output>
        </test-method> <!-- beforeTest -->
        <test-method status="PASS" signature="beforeClass()[pri:0, instance:com.demo.testng.Day1Intro@3ffc5af1]" name="beforeClass" is-config="true" duration-ms="1" started-at="2021-04-23T07:45:48Z" finished-at="2021-04-23T07:45:48Z">
          <reporter-output>
          </reporter-output>
        </test-method> <!-- beforeClass -->
        <test-method status="PASS" signature="beforeMethod()[pri:0, instance:com.demo.testng.Day1Intro@3ffc5af1]" name="beforeMethod" is-config="true" duration-ms="1" started-at="2021-04-23T07:45:48Z" finished-at="2021-04-23T07:45:48Z">
          <reporter-output>
          </reporter-output>
        </test-method> <!-- beforeMethod -->
        <test-method status="PASS" signature="test1()[pri:0, instance:com.demo.testng.Day1Intro@3ffc5af1]" name="test1" duration-ms="6" started-at="2021-04-23T07:45:48Z" finished-at="2021-04-23T07:45:48Z">
          <reporter-output>
          </reporter-output>
        </test-method> <!-- test1 -->
        <test-method status="PASS" signature="afterMethod()[pri:0, instance:com.demo.testng.Day1Intro@3ffc5af1]" name="afterMethod" is-config="true" duration-ms="3" started-at="2021-04-23T07:45:48Z" finished-at="2021-04-23T07:45:48Z">
          <reporter-output>
          </reporter-output>
        </test-method> <!-- afterMethod -->
        <test-method status="PASS" signature="beforeMethod()[pri:0, instance:com.demo.testng.Day1Intro@3ffc5af1]" name="beforeMethod" is-config="true" duration-ms="1" started-at="2021-04-23T07:45:48Z" finished-at="2021-04-23T07:45:48Z">
          <reporter-output>
          </reporter-output>
        </test-method> <!-- beforeMethod -->
        <test-method status="PASS" signature="test2()[pri:0, instance:com.demo.testng.Day1Intro@3ffc5af1]" name="test2" duration-ms="2" started-at="2021-04-23T07:45:48Z" finished-at="2021-04-23T07:45:48Z">
          <reporter-output>
          </reporter-output>
        </test-method> <!-- test2 -->
        <test-method status="PASS" signature="afterMethod()[pri:0, instance:com.demo.testng.Day1Intro@3ffc5af1]" name="afterMethod" is-config="true" duration-ms="2" started-at="2021-04-23T07:45:48Z" finished-at="2021-04-23T07:45:48Z">
          <reporter-output>
          </reporter-output>
        </test-method> <!-- afterMethod -->
        <test-method status="PASS" signature="afterClass()[pri:0, instance:com.demo.testng.Day1Intro@3ffc5af1]" name="afterClass" is-config="true" duration-ms="1" started-at="2021-04-23T07:45:48Z" finished-at="2021-04-23T07:45:48Z">
          <reporter-output>
          </reporter-output>
        </test-method> <!-- afterClass -->
        <test-method status="PASS" signature="afterTest()[pri:0, instance:com.demo.testng.Day1Intro@3ffc5af1]" name="afterTest" is-config="true" duration-ms="1" started-at="2021-04-23T07:46:01Z" finished-at="2021-04-23T07:46:01Z">
          <reporter-output>
          </reporter-output>
        </test-method> <!-- afterTest -->
        <test-method status="PASS" signature="afterSuite()[pri:0, instance:com.demo.testng.Day1Intro@3ffc5af1]" name="afterSuite" is-config="true" duration-ms="0" started-at="2021-04-23T07:46:02Z" finished-at="2021-04-23T07:46:02Z">
          <reporter-output>
          </reporter-output>
        </test-method> <!-- afterSuite -->
      </class> <!-- com.demo.testng.Day1Intro -->
    </test> <!-- Test -->
  </suite> <!-- Suite -->
</testng-results>
